<?xml version="1.0" encoding="UTF-8"?>
<testng-results ignored="0" total="1" passed="1" failed="0" skipped="0">
  <reporter-output>
  </reporter-output>
  <suite started-at="2023-02-01T21:01:28 IST" name="Default suite" finished-at="2023-02-01T21:03:26 IST" duration-ms="118256">
    <groups>
    </groups>
    <test started-at="2023-02-01T21:01:28 IST" name="Default test" finished-at="2023-02-01T21:03:26 IST" duration-ms="118256">
      <class name="HomePageTest.ToVerifyHomePageTitleTest">
        <test-method is-config="true" signature="bsConfig()[pri:0, instance:HomePageTest.ToVerifyHomePageTitleTest@66f57048]" started-at="2023-02-01T21:01:28 IST" name="bsConfig" finished-at="2023-02-01T21:01:28 IST" duration-ms="6" status="PASS">
          <reporter-output>
          </reporter-output>
        </test-method> <!-- bsConfig -->
        <test-method is-config="true" signature="bcConfig()[pri:0, instance:HomePageTest.ToVerifyHomePageTitleTest@66f57048]" started-at="2023-02-01T21:01:28 IST" name="bcConfig" finished-at="2023-02-01T21:03:07 IST" duration-ms="99211" status="PASS">
          <reporter-output>
          </reporter-output>
        </test-method> <!-- bcConfig -->
        <test-method is-config="true" signature="bmConfig()[pri:0, instance:HomePageTest.ToVerifyHomePageTitleTest@66f57048]" started-at="2023-02-01T21:03:07 IST" name="bmConfig" finished-at="2023-02-01T21:03:07 IST" duration-ms="236" status="PASS">
          <reporter-output>
          </reporter-output>
        </test-method> <!-- bmConfig -->
        <test-method signature="toVerifyHomePageTitleTest()[pri:0, instance:HomePageTest.ToVerifyHomePageTitleTest@66f57048]" started-at="2023-02-01T21:03:07 IST" name="toVerifyHomePageTitleTest" finished-at="2023-02-01T21:03:22 IST" duration-ms="14948" status="PASS">
          <reporter-output>
          </reporter-output>
        </test-method> <!-- toVerifyHomePageTitleTest -->
        <test-method is-config="true" signature="amConfig()[pri:0, instance:HomePageTest.ToVerifyHomePageTitleTest@66f57048]" started-at="2023-02-01T21:03:22 IST" name="amConfig" finished-at="2023-02-01T21:03:26 IST" duration-ms="3495" status="PASS">
          <reporter-output>
          </reporter-output>
        </test-method> <!-- amConfig -->
        <test-method is-config="true" signature="acConfig()[pri:0, instance:HomePageTest.ToVerifyHomePageTitleTest@66f57048]" started-at="2023-02-01T21:03:26 IST" name="acConfig" finished-at="2023-02-01T21:03:26 IST" duration-ms="315" status="PASS">
          <reporter-output>
          </reporter-output>
        </test-method> <!-- acConfig -->
        <test-method is-config="true" signature="asConfig()[pri:0, instance:HomePageTest.ToVerifyHomePageTitleTest@66f57048]" started-at="2023-02-01T21:03:26 IST" name="asConfig" finished-at="2023-02-01T21:03:26 IST" duration-ms="0" status="PASS">
          <reporter-output>
          </reporter-output>
        </test-method> <!-- asConfig -->
      </class> <!-- HomePageTest.ToVerifyHomePageTitleTest -->
    </test> <!-- Default test -->
  </suite> <!-- Default suite -->
</testng-results>
